app/build/outputs/logs/manifest-merger-debug-report.txt
-- Merging decision tree log ---
manifest
ADDED from src/main/AndroidManifest.xml:2:1-211:12
	package
		ADDED from src/main/AndroidManifest.xml:3:5-37
		INJECTED from src/main/AndroidManifest.xml
		INJECTED from src/main/AndroidManifest.xml
	android:versionName
		ADDED from src/main/AndroidManifest.xml:5:5-30
	android:versionCode
		ADDED from src/main/AndroidManifest.xml:4:5-28
		INJECTED from src/main/AndroidManifest.xml
		INJECTED from src/main/AndroidManifest.xml
	xmlns:android
		ADDED from src/main/AndroidManifest.xml:2:11-69
uses-sdk
ADDED from src/main/AndroidManifest.xml:7:5-9:41
MERGED from [com.android.support:support-v4:23.1.0] AndroidManifest.xml:20:5-43
	android:targetSdkVersion
		ADDED from src/main/AndroidManifest.xml:9:9-38
		INJECTED from src/main/AndroidManifest.xml
		INJECTED from src/main/AndroidManifest.xml
	android:minSdkVersion
		ADDED from src/main/AndroidManifest.xml:8:9-35
		INJECTED from src/main/AndroidManifest.xml
		INJECTED from src/main/AndroidManifest.xml
android:uses-permission#android.permission.WRITE_EXTERNAL_STORAGE
ADDED from src/main/AndroidManifest.xml:11:5-89
	android:name
		ADDED from src/main/AndroidManifest.xml:11:30-86
android:uses-permission#android.permission.READ_PHONE_STATE
ADDED from src/main/AndroidManifest.xml:12:5-83
	android:name
		ADDED from src/main/AndroidManifest.xml:12:30-80
android:uses-permission#android.permission.READ_EXTERNAL_STORAGE
ADDED from src/main/AndroidManifest.xml:13:5-88
	android:name
		ADDED from src/main/AndroidManifest.xml:13:30-85
application
ADDED from src/main/AndroidManifest.xml:15:5-209:19
MERGED from [com.android.support:support-v4:23.1.0] AndroidManifest.xml:22:5-20
	android:label
		ADDED from src/main/AndroidManifest.xml:18:9-41
	android:allowBackup
		ADDED from src/main/AndroidManifest.xml:16:9-35
	android:icon
		ADDED from src/main/AndroidManifest.xml:17:9-45
	android:theme
		ADDED from src/main/AndroidManifest.xml:19:9-40
activity#com.lambda.trendalista.Trendalista
ADDED from src/main/AndroidManifest.xml:20:9-29:20
	android:label
		ADDED from src/main/AndroidManifest.xml:22:13-62
	android:theme
		ADDED from src/main/AndroidManifest.xml:23:13-60
	android:name
		ADDED from src/main/AndroidManifest.xml:21:13-40
intent-filter#android.intent.action.MAIN+android.intent.category.LAUNCHER
ADDED from src/main/AndroidManifest.xml:24:13-28:29
action#android.intent.action.MAIN
ADDED from src/main/AndroidManifest.xml:25:17-69
	android:name
		ADDED from src/main/AndroidManifest.xml:25:25-66
category#android.intent.category.LAUNCHER
ADDED from src/main/AndroidManifest.xml:27:17-77
	android:name
		ADDED from src/main/AndroidManifest.xml:27:27-74
activity#com.lambda.trendalista.SecondPage
ADDED from src/main/AndroidManifest.xml:30:9-34:20
	android:label
		ADDED from src/main/AndroidManifest.xml:32:13-63
	android:theme
		ADDED from src/main/AndroidManifest.xml:33:13-60
	android:name
		ADDED from src/main/AndroidManifest.xml:31:13-39
activity#com.lambda.trendalista.LoginActivity
ADDED from src/main/AndroidManifest.xml:35:9-39:20
	android:label
		ADDED from src/main/AndroidManifest.xml:37:13-57
	android:theme
		ADDED from src/main/AndroidManifest.xml:38:13-60
	android:name
		ADDED from src/main/AndroidManifest.xml:36:13-42
activity#com.lambda.trendalista.SignUp
ADDED from src/main/AndroidManifest.xml:40:9-44:20
	android:label
		ADDED from src/main/AndroidManifest.xml:42:13-59
	android:theme
		ADDED from src/main/AndroidManifest.xml:43:13-60
	android:name
		ADDED from src/main/AndroidManifest.xml:41:13-35
activity#com.lambda.trendalista.Occasion
ADDED from src/main/AndroidManifest.xml:45:9-49:20
	android:label
		ADDED from src/main/AndroidManifest.xml:47:13-60
	android:theme
		ADDED from src/main/AndroidManifest.xml:48:13-60
	android:name
		ADDED from src/main/AndroidManifest.xml:46:13-37
activity#com.lambda.trendalista.Details
ADDED from src/main/AndroidManifest.xml:50:9-54:20
	android:label
		ADDED from src/main/AndroidManifest.xml:52:13-59
	android:theme
		ADDED from src/main/AndroidManifest.xml:53:13-60
	android:name
		ADDED from src/main/AndroidManifest.xml:51:13-36
activity#com.lambda.trendalista.Complexion
ADDED from src/main/AndroidManifest.xml:55:9-59:20
	android:label
		ADDED from src/main/AndroidManifest.xml:57:13-62
	android:theme
		ADDED from src/main/AndroidManifest.xml:58:13-60
	android:name
		ADDED from src/main/AndroidManifest.xml:56:13-39
activity#com.lambda.trendalista.Age
ADDED from src/main/AndroidManifest.xml:60:9-64:20
	android:label
		ADDED from src/main/AndroidManifest.xml:62:13-55
	android:theme
		ADDED from src/main/AndroidManifest.xml:63:13-60
	android:name
		ADDED from src/main/AndroidManifest.xml:61:13-32
activity#com.lambda.trendalista.Weight
ADDED from src/main/AndroidManifest.xml:65:9-69:20
	android:label
		ADDED from src/main/AndroidManifest.xml:67:13-58
	android:theme
		ADDED from src/main/AndroidManifest.xml:68:13-60
	android:name
		ADDED from src/main/AndroidManifest.xml:66:13-35
activity#com.lambda.trendalista.Height
ADDED from src/main/AndroidManifest.xml:70:9-74:20
	android:label
		ADDED from src/main/AndroidManifest.xml:72:13-58
	android:theme
		ADDED from src/main/AndroidManifest.xml:73:13-60
	android:name
		ADDED from src/main/AndroidManifest.xml:71:13-35
activity#com.lambda.trendalista.ChooseOccassion
ADDED from src/main/AndroidManifest.xml:75:9-78:20
	android:label
		ADDED from src/main/AndroidManifest.xml:77:13-68
	android:name
		ADDED from src/main/AndroidManifest.xml:76:13-44
activity#com.lambda.trendalista.Parties
ADDED from src/main/AndroidManifest.xml:79:9-83:20
	android:label
		ADDED from src/main/AndroidManifest.xml:81:13-59
	android:theme
		ADDED from src/main/AndroidManifest.xml:82:13-60
	android:name
		ADDED from src/main/AndroidManifest.xml:80:13-36
activity#com.lambda.trendalista.MainParty
ADDED from src/main/AndroidManifest.xml:84:9-88:20
	android:label
		ADDED from src/main/AndroidManifest.xml:86:13-62
	android:theme
		ADDED from src/main/AndroidManifest.xml:87:13-60
	android:name
		ADDED from src/main/AndroidManifest.xml:85:13-38
activity#com.lambda.trendalista.Tips
ADDED from src/main/AndroidManifest.xml:89:9-93:20
	android:label
		ADDED from src/main/AndroidManifest.xml:91:13-56
	android:theme
		ADDED from src/main/AndroidManifest.xml:92:13-60
	android:name
		ADDED from src/main/AndroidManifest.xml:90:13-33
activity#com.lambda.trendalista.RateApp
ADDED from src/main/AndroidManifest.xml:94:9-98:20
	android:label
		ADDED from src/main/AndroidManifest.xml:96:13-60
	android:theme
		ADDED from src/main/AndroidManifest.xml:97:13-60
	android:name
		ADDED from src/main/AndroidManifest.xml:95:13-36
activity#com.lambda.trendalista.EditInfo
ADDED from src/main/AndroidManifest.xml:99:9-103:20
	android:label
		ADDED from src/main/AndroidManifest.xml:101:13-61
	android:theme
		ADDED from src/main/AndroidManifest.xml:102:13-60
	android:name
		ADDED from src/main/AndroidManifest.xml:100:13-37
activity#com.lambda.trendalista.Festivals
ADDED from src/main/AndroidManifest.xml:104:9-108:20
	android:label
		ADDED from src/main/AndroidManifest.xml:106:13-61
	android:theme
		ADDED from src/main/AndroidManifest.xml:107:13-60
	android:name
		ADDED from src/main/AndroidManifest.xml:105:13-38
activity#com.lambda.trendalista.College
ADDED from src/main/AndroidManifest.xml:109:9-113:20
	android:label
		ADDED from src/main/AndroidManifest.xml:111:13-59
	android:theme
		ADDED from src/main/AndroidManifest.xml:112:13-60
	android:name
		ADDED from src/main/AndroidManifest.xml:110:13-36
activity#com.lambda.trendalista.Office
ADDED from src/main/AndroidManifest.xml:114:9-118:20
	android:label
		ADDED from src/main/AndroidManifest.xml:116:13-58
	android:theme
		ADDED from src/main/AndroidManifest.xml:117:13-60
	android:name
		ADDED from src/main/AndroidManifest.xml:115:13-35
activity#com.lambda.trendalista.MainFestival
ADDED from src/main/AndroidManifest.xml:119:9-123:20
	android:label
		ADDED from src/main/AndroidManifest.xml:121:13-65
	android:theme
		ADDED from src/main/AndroidManifest.xml:122:13-60
	android:name
		ADDED from src/main/AndroidManifest.xml:120:13-41
activity#com.lambda.trendalista.MainCollege
ADDED from src/main/AndroidManifest.xml:124:9-128:20
	android:label
		ADDED from src/main/AndroidManifest.xml:126:13-64
	android:theme
		ADDED from src/main/AndroidManifest.xml:127:13-60
	android:name
		ADDED from src/main/AndroidManifest.xml:125:13-40
activity#com.lambda.trendalista.MainOffice
ADDED from src/main/AndroidManifest.xml:129:9-133:20
	android:label
		ADDED from src/main/AndroidManifest.xml:131:13-63
	android:theme
		ADDED from src/main/AndroidManifest.xml:132:13-60
	android:name
		ADDED from src/main/AndroidManifest.xml:130:13-39
activity#com.lambda.trendalista.OccasionDataBaseHelper
ADDED from src/main/AndroidManifest.xml:134:9-137:20
	android:label
		ADDED from src/main/AndroidManifest.xml:136:13-77
	android:name
		ADDED from src/main/AndroidManifest.xml:135:13-51
activity#com.lambda.trendalista.DressDataBaseHelper
ADDED from src/main/AndroidManifest.xml:138:9-141:20
	android:label
		ADDED from src/main/AndroidManifest.xml:140:13-74
	android:name
		ADDED from src/main/AndroidManifest.xml:139:13-48
activity#com.lambda.trendalista.YourDetails
ADDED from src/main/AndroidManifest.xml:142:9-146:20
	android:label
		ADDED from src/main/AndroidManifest.xml:144:13-64
	android:theme
		ADDED from src/main/AndroidManifest.xml:145:13-60
	android:name
		ADDED from src/main/AndroidManifest.xml:143:13-40
activity#com.lambda.trendalista.Parts
ADDED from src/main/AndroidManifest.xml:147:9-148:20
	android:name
		ADDED from src/main/AndroidManifest.xml:147:19-40
activity#com.lambda.trendalista.PartTwo
ADDED from src/main/AndroidManifest.xml:149:9-152:20
	android:label
		ADDED from src/main/AndroidManifest.xml:151:13-60
	android:name
		ADDED from src/main/AndroidManifest.xml:150:13-36
activity#com.lambda.trendalista.PartThree
ADDED from src/main/AndroidManifest.xml:153:9-156:20
	android:label
		ADDED from src/main/AndroidManifest.xml:155:13-62
	android:name
		ADDED from src/main/AndroidManifest.xml:154:13-38
activity#com.lambda.trendalista.PartFour
ADDED from src/main/AndroidManifest.xml:157:9-160:20
	android:label
		ADDED from src/main/AndroidManifest.xml:159:13-61
	android:name
		ADDED from src/main/AndroidManifest.xml:158:13-37
activity#com.lambda.trendalista.PartyAcc
ADDED from src/main/AndroidManifest.xml:161:9-164:20
	android:label
		ADDED from src/main/AndroidManifest.xml:163:13-61
	android:name
		ADDED from src/main/AndroidManifest.xml:162:13-37
activity#com.lambda.trendalista.PartyShoes
ADDED from src/main/AndroidManifest.xml:165:9-168:20
	android:label
		ADDED from src/main/AndroidManifest.xml:167:13-63
	android:name
		ADDED from src/main/AndroidManifest.xml:166:13-39
activity#com.lambda.trendalista.FestAcc
ADDED from src/main/AndroidManifest.xml:169:9-172:20
	android:label
		ADDED from src/main/AndroidManifest.xml:171:13-60
	android:name
		ADDED from src/main/AndroidManifest.xml:170:13-36
activity#com.lambda.trendalista.FestShoes
ADDED from src/main/AndroidManifest.xml:173:9-176:20
	android:label
		ADDED from src/main/AndroidManifest.xml:175:13-62
	android:name
		ADDED from src/main/AndroidManifest.xml:174:13-38
activity#com.lambda.trendalista.CollegeAcc
ADDED from src/main/AndroidManifest.xml:177:9-180:20
	android:label
		ADDED from src/main/AndroidManifest.xml:179:13-63
	android:name
		ADDED from src/main/AndroidManifest.xml:178:13-39
activity#com.lambda.trendalista.CollegeShoes
ADDED from src/main/AndroidManifest.xml:181:9-184:20
	android:label
		ADDED from src/main/AndroidManifest.xml:183:13-65
	android:name
		ADDED from src/main/AndroidManifest.xml:182:13-41
activity#com.lambda.trendalista.OfficeAcc
ADDED from src/main/AndroidManifest.xml:185:9-188:20
	android:label
		ADDED from src/main/AndroidManifest.xml:187:13-62
	android:name
		ADDED from src/main/AndroidManifest.xml:186:13-38
activity#com.lambda.trendalista.OfficeShoes
ADDED from src/main/AndroidManifest.xml:189:9-192:20
	android:label
		ADDED from src/main/AndroidManifest.xml:191:13-64
	android:name
		ADDED from src/main/AndroidManifest.xml:190:13-40
activity#com.lambda.trendalista.PartyHair
ADDED from src/main/AndroidManifest.xml:193:9-196:20
	android:label
		ADDED from src/main/AndroidManifest.xml:195:13-62
	android:name
		ADDED from src/main/AndroidManifest.xml:194:13-38
activity#com.lambda.trendalista.OfficeHair
ADDED from src/main/AndroidManifest.xml:197:9-200:20
	android:label
		ADDED from src/main/AndroidManifest.xml:199:13-63
	android:name
		ADDED from src/main/AndroidManifest.xml:198:13-39
activity#com.lambda.trendalista.FestivalHair
ADDED from src/main/AndroidManifest.xml:201:9-204:20
	android:label
		ADDED from src/main/AndroidManifest.xml:203:13-65
	android:name
		ADDED from src/main/AndroidManifest.xml:202:13-41
activity#com.lambda.trendalista.CollegeHair
ADDED from src/main/AndroidManifest.xml:205:9-208:20
	android:label
		ADDED from src/main/AndroidManifest.xml:207:13-64
	android:name
		ADDED from src/main/AndroidManifest.xml:206:13-40